<?xml version="1.0" encoding="UTF-8"?>
<testng-results ignored="0" total="1" passed="1" failed="0" skipped="0">
  <reporter-output>
  </reporter-output>
  <suite started-at="2024-10-26T23:32:29 IST" name="Default suite" finished-at="2024-10-26T23:32:38 IST" duration-ms="9354">
    <groups>
      <group name="cucumber">
        <method signature="AbstractTestNGCucumberTests.runScenario(io.cucumber.testng.PickleWrapper,io.cucumber.testng.FeatureWrapper)[pri:0, instance:com.infy.runners.TestRunner@a82c5f1]" name="runScenario" class="io.cucumber.testng.AbstractTestNGCucumberTests"/>
      </group> <!-- cucumber -->
    </groups>
    <test started-at="2024-10-26T23:32:29 IST" name="Default test" finished-at="2024-10-26T23:32:38 IST" duration-ms="9354">
      <class name="com.infy.runners.TestRunner">
        <test-method is-config="true" signature="setUpClass(org.testng.ITestContext)[pri:0, instance:com.infy.runners.TestRunner@a82c5f1]" started-at="2024-10-26T23:32:29 IST" name="setUpClass" finished-at="2024-10-26T23:32:29 IST" duration-ms="377" status="PASS">
          <params>
            <param index="0">
              <value>
                <![CDATA[org.testng.TestRunner@a52ca2e]]>
              </value>
            </param>
          </params>
          <reporter-output>
          </reporter-output>
        </test-method> <!-- setUpClass -->
        <test-method is-config="true" signature="setUpClass()[pri:0, instance:com.infy.runners.TestRunner@a82c5f1]" started-at="2024-10-26T23:32:29 IST" name="setUpClass" finished-at="2024-10-26T23:32:30 IST" duration-ms="156" status="PASS">
          <reporter-output>
          </reporter-output>
        </test-method> <!-- setUpClass -->
        <test-method signature="runScenario(io.cucumber.testng.PickleWrapper,io.cucumber.testng.FeatureWrapper)[pri:0, instance:com.infy.runners.TestRunner@a82c5f1]" started-at="2024-10-26T23:32:30 IST" name="runScenario" description="Runs Cucumber Scenarios" data-provider="scenarios" finished-at="2024-10-26T23:32:38 IST" duration-ms="8746" status="PASS">
          <params>
            <param index="0">
              <value>
                <![CDATA["Login Successful"]]>
              </value>
            </param>
            <param index="1">
              <value>
                <![CDATA["Open New Account verification"]]>
              </value>
            </param>
          </params>
          <reporter-output>
          </reporter-output>
        </test-method> <!-- runScenario -->
        <test-method is-config="true" signature="tearDownClass()[pri:0, instance:com.infy.runners.TestRunner@a82c5f1]" started-at="2024-10-26T23:32:38 IST" name="tearDownClass" finished-at="2024-10-26T23:32:38 IST" duration-ms="29" status="PASS">
          <reporter-output>
          </reporter-output>
        </test-method> <!-- tearDownClass -->
      </class> <!-- com.infy.runners.TestRunner -->
    </test> <!-- Default test -->
  </suite> <!-- Default suite -->
</testng-results>
